[  0000000] Initializing cgroup subsys cpuset
[    0.00000] italizg roup subss u
[  0000] itiaizing cgroup subsys cpuacct
[  0000000] Linx rson 4.045-ger (buddcy01-amd64-23(gc rsn 5.4.0 16609 (Ubtu.4.0-6un1~16.04.10) ) #11-unu SMPTuMar 26 12:4:29 C 19 (un 4.4.0-145.171-generic 4.4.176)
[    0.000000] KERNEL supported cpus:
[    0.000000]   Intel GenuineIntel
[    0.000000]   AMD AuthenticAMD
[    0.000000]   NSC Geode by NSC
[    0.000000]   Cyrrix CyrixInstead
[    0.000000]   Centaur CentaurHauls
[    0.000000]   Transmeta GenuineTMx86    0000]  rameta TransmetaCPU
[    0.000000]   UMC UMC UMC UMC
[    0.000000] x86/fpu: xstate_ofset[2]:  576, xstate_sizes[2]:  256
[    0.000000] x86/fpu: Supporting XSAVE feature 0x01: 'x87 floating point registers'
[    0.000000] x86/fpu: Supporting XSAVE feature 0x02: 'SSE registers'
[    0.000000] x86/fpu: Supporting XSAVE feature 0x04: 'AVX registers'
[    0.000000] x86/fpu: Enabled xstate features 0x7, context size is 832bytes, using 'standard' format.
[    0.000000] e820: BIOS-provided physical RAM map:
[    0.000000] BIOS-e820: [mem 0x0000000000000000-0x000000000009fbff] usable
[    0.000000] BIOS-e820: [mem 0x000000000009fc00-0x000000000009ffff] reserved
[    0.000000] BIOS-e820: [mem 0x00000000000f0000-0x00000000000fffff] reserved
[    0.000000] BIOS-e820: [mem 0x0000000000100000-0x000000003ffeffff] usable
[    0.000000] BIOS-e820: [mem 0x000000003fff0000-0x000000003fffffff] ACPI data
[    0.000000] BIOS-e820: [mem 0x00000000fec00000-0x00000000fec00fff] reserved
[    0.000000] BIOS-e820: [mem 0x00000000fee00000-0x00000000fee00fff] reserved
[    0.000000] BIOS-e820: [mem 0x00000000fffc0000-0x00000000ffffffff] reserved
[    0.000000] NX (Execute Disable) protection: active
[    0.000000] SMBIOS 2.5 present.
[    0.000000] Hypervisor detected: KVM
[    0.000000] e820: last_pfn = 0x3fff0 max_arch_pfn = 0x1000000
[    0.000000] MTRR: Disabled
[    0.000000] x86/PAT: MTRRs disabled, skipping PAT initialization too.
[    0.000000] CPU MTRRs all blank - virtualized system.
[    0.000000] x86/PAT: Configuration [0-7]: WB  WT  UC- UC  WB  WT  UC- UC  
[    0.000000] found SMP MP-table at [mem 0x0009fff0-0x0009ffff] mapped at [c009fff0]
[    0.000000] Scanning 1 areas for low memory corruption
[    0.000000] RAMDISK: [mem 0x363c0000-0x371d7fff]
[    0.000000] ACPI: Early table checksum verification disabled
[    0.000000] ACPI: RSDP 0x00000000000E0000 000024 (v02 VBOX  )
[    0.000000] ACPI: XSDT 0x000000003FFF0030 00003C (v01 VBOX   VBOXXSDT 00000001 ASL  00000061)
[    0.000000] ACPI: FACP 0x000000003FFF00F0 0000F4 (v04 VBOX   VBOXFACP 00000001 ASL  00000061)
[    0.000000] ACPI: DSDT 0x000000003FFF0470 002FF (2 OX   VBBI 00000INTL01528)
[  00000] PIFACSx00000FF200 0040
[  0.0000] ACPI: FACS 0000003FF2000004
[    .00000AC: APIC 0x000000003FFF0240 00005C (v02 VBOX   VBOXAPIC 00000001 ASL  00000061)
[    0.000000] ACPI: SSDT 0x000000003FFF02A0 0001CC (v01 VBOX   VBOXCPUT 00000002 INTL 20100528)
[    0.000000] 131MB HIGHMEM available.
[    0.000000] 891 LMEM avalae.
[    0.0000]   mapped ow ram: 0 - 37bfe000
[    0.000000]   low ram: 0 - 37bfe000
[    0.000000] kvm-clock: Using msrs 4b564d01 and 4b564d00
[    0.000000] kvm-clock: cpu 0, ms 0:37fd1,primy u lock
[    00000] vmlok: using scd fsetf 165755 cles
   000000] clocksource: kvm-clock: mask: 0xffffffffffffffff max_cycles 0cd2e4dffb maxdl_ns 8595914 n
    0000] neanes:   0.000   DM   [me 0000000000010000x00000000ffffff]
[    0.000000]   Normal   [mem 0x0000000001000000-0x0000000037bfdfff]
[    0.000000]   HighMem  [mem 0x0000000037bfe000-0x000000003ffeffff]
[    0.000000] Movable zone start for each node
[    0.000000] Early memory node ranges
[    0.000000]   node   0: [mem 0x0000000000001000-0x000000000009efff]
[    0.000000]   node   0: [mem 0x0000000000100000-0x000000003ffeffff]
[    0.000000] Initmem setup node 0 [mem 0x0000000000001000-0x000000003ffeffff]
[    0.000000] Using APIC driver default
[    0.000000] ACPI: PM-Timer IO Port: 0x4008
[    0.000000] IOAPIC[0]: apic_id 2, version 32, address 0xfec00000, SI0-
[    0.000000] ACPI: INT_SRC_OVR (bus 0 bus_irq 0 global_irq 2 dfl dfl)
[    0.000000] ACPI: INT_SRC_OVR (bus 0 bus_irq 9 global_irq 9 low level)
[    0.000000] Using ACPI (MADT) for SMP configuration information
[    0.000000] smpboot: Allowing 2 CPUs, 0 hotplug PUs[  0.0000 P: Rgierd noveemor [m 0x0000-0x00ff][   0.0000] : Restednosae moy: [m 0009f0-009fff
   0.0000 P: Reisre nose mory: [mem 0x000a0000-0x000effff]
[    0.000000] PM: Registered nosave memory: [mem 0x000f0000-0x000fffff]

[    0.000000] e820: [mem 0x40000000-0xfebfffff] available for PCI devices
[    0.000000] Booting paravirtualized kernel on KVM
[    0.000000] clocksource: refined-jiffies: mask: 0xffffffff max_cycles: 0xffffffff, max_idle_ns: 7645519600211568 ns
[    0.000000] setup_percpu: NR_CPUS:8 nr_cpumask_bits:8 nr_cpu_ids:2 nr_node_ids:1
[    0.000000] PERCPU: Embedded 19 pages/cpu @f6398000 s47308 r0 d30516 u77824
[    0.000000] Built 1 zonelists in Zone order, mobility grouping on.  Total pages: 259800
[    0.000000] Kernel command line: BOOT_IMAGE=/boot/vmlinuz-4.4.0-145-generic root=LABEL=cloudimg-rootfs ro console=tty1 console=ttyS0
[    0.000000] PID hash table entries: 4096 (order: 2, 16384 bytes)
[    0.000000] Dentry cache hash table entries: 131072 (order: 7, 524288 bytes)
[    0.000000] Inode-cache hash taleentries 65536 (order: 6, 262144 bytes)
[    0.000000] Initializing CPU#0
[    0.000000] Initiizing ghMem for node 0 (00037bfe:0003fff0)
[    0.000000] Initializing Movable for node 0 (00000000:00000000)
[    0.000000] Memo: 0834/1810K aille (98kernel code, 792K rwdata, 3184K rodata, 932K init, 784K bss, 39780K reserved, 0K cma-reserved, 135112K highmem)
[    0.000000] virtual kernel memory layout:
[    0.000000]     fixmap  : 0xfff15000 - 0xfffff000   ( 936 kB)
[    0.000000]     pkmap   : 0xffc00000 - 0xffe00000   (2048 kB)
[    0.000000]     vmalloc : 0xf83fe000 - 0xffbfe000   ( 120 MB)
[    0.000000]     lowmem  : 0xc0000000 - 0xf7bfe000   ( 891 MB)
[    0.000000]       .init : 0xc1bcf000 - 0xc1cb8000   ( 932 kB)
[    0.000000]       .data : 0xc17e8dc8 - 0xc1bcd100   (3984 kB)
[    0.000000]       .text : 0xc1000000 - 0xc17e8dc8   (8099 kB)
[    0.000000] Checking if this processor honours the WP bit even in supervisor mode...Ok.
[    0.000000] SLUB: HWalign=64, Order=0-3, MinObjects=0, CPUs=2, Nodes=1
[    0.000000] Hierarchical RCU implementation.
[    0.000000] 	Build-time adjustment of leaf fanout to 32.
[    0.000000] 	RCU restricting CPUs from NR_CPUS=8 to nr_cpu_ids=2.
[    0.000000] RCU: Adjusting geometry for rcu_fanout_leaf=32, nr_cpu_ids=2
[    0.000000] NR_IRQS:2304 nr_irqs:440 16
[    0.000000] Console: colour VGA+ 80x25
[    0.000000] console [tty1] enabled[   0.000 conle[tty0]naed
[   .0000]alcaed 18576 bytes of page_ext
[    0.000000] tsc: Detected 3192.002 MHz processor
[    5.037883] Calibrating delay loop (skipped) preset value.. 63.00 BogoMIPS (lpj=12768008)
[    5.109324] pid_max: default: 32768 minimum: 301
[    5.260740] ACPI: Core revision 20150930
[    5.374384] ACPI: 2 ACPI AML tables successfully acquired and loaded
[    5.406445] Security Framework initialized
[    5.407421] Yama: becoming mindful.
[    5.408339] AppArmor: AppArmor initialized
[    5.409197] Mount-cache hash table entries: 2048 (order: 1, 8192 bytes)
[    5.410599] Mountpoint-cache hash table entries: 2048 (order: 1, 8192 bytes)
[    5.412125] Initializing cgroup subsys io
[    5.413111] Initializing cgroup subsys memory
[    5.414023] Initializing cgroup subsys devices
[    5.414992] Initializing cgroup subsys freezer
[    5.415959] Initializing cgroup subsys net_cls
[    5.417017] Initializing cgroup subsys perf_event
[    5.418024] Initializing cgroup subsys net_prio
[    5.419020] Initializing cgroup subsys hugetlb
[    5.419836] Initializing cgroup subsys pids
[    5.422721] mce: CPU supports 0 MCE banks
[    5.446343] Last level iTLB entries: 4KB 128, 2MB 8, 4MB 8
[    5.455506] Last level dTLB entries: 4KB 64, 2MB 0, 4MB 0, 1GB 4
[    5.587953] Spectre V2 : Mitigation: Full generic retpoline
[    5.588769] Spectre V2 : Spectre v2 / SpectreRSB mitigation: Filling RSB on context switch
[    5.590070] Speculative Store Bypass: Vulnerable
[    5.593378] Freeing SMP alternatives memory: 36K
[    5.598319] ftrace: allocating 31556 entries in 62 pages
[    5.647685] smpboot: APIC(0) Converting physical 0 to logical package 0
[    5.679029] smpboot: Max logical packages: 1
[    5.746887] Enabling APIC mode:  Flat.  Using 1 I/O APICs
[    5.748951] ..TIMER: vector=0x30 apic1=0 pin1=2 apic2=-1 pin2=-1
[  5.857537] smpboot: CPU0: Intel(R) Core(TM) i5-6500 CPU @ 3.20GHz (family: 0x6, model: 0x5e, stepping: 0x3)
[    6.050923] Performance Events: unsupported p6 CPU model 94 no PMU driver, software events only.
[    6.058334] KVM setup paravirtual spinlock
[    6.059731] x86: Booting SMP configuration:
[    6.060560] .... node  #0, CPUs:      #1
[1266874886.542976] Initializing CPU#1
[    6.061747] kvm-clock: cpu 1, msr 0:37bfd041, secondary cpu clock
[    6.064247] mce: CPU supports 0 MCE banks
[    6.066708] x86: Booted up 1 node, 2 CPUs
[    6.067595] smpboot: Total of 2 processors activated (12768.00 BogoMIPS)
[    6.069128] devtmpfs: initialized
[    6.102152] evm: security.selinux
[    6.188387] evm: security.SMACK64
[    6.254251] evm: security.SMACK64EXEC
[    6.254946] evm: security.SMACK64TRANSMUTE
[    6.255580] evm: security.SMACK64MMAP
[    6.256202] evm: security.ima
[    6.256784] evm: security.capability
[    6.257715] clocksource: jiffies: mask: 0xffffffff max_cycles: 0xffffffff, max_idle_ns: 7645041785100000 ns
[    6.371830] futex hash table entries: 512 (order: 3, 32768 bytes)
[    6.372907] pinctrl core: initialized pinctrl subsystem
[    6.472284] RTC time: 23:26:41, date: 04/18/19
[    6.473506] NET: Registered protocol family 16
[    6.474797] EISA bus registered
[    6.486369] cpuidle: using governor ladder
[    6.499158] cpuidle: using governor menu
[    6.525249] PCCT header not found.
[    6.606500] ACPI: bus type PCI registered
[    6.704572] acpiphp: ACPI Hot Plug PCI Controller Driver version: 0.5
[    6.705779] PCI : PCI BIOS area is rw and x. Use pci=nobios if you want it NX.
[    6.706996] PCI: PCI BIOS revision 2.10 entry at 0xfda26, last bus=0
[    6.707957] PCI: Using configuration type 1 for base access
[    6.718563] ACPI: Added _OSI(Module Device)
[    6.758925] ACPI: Added _OSI(Processor Device)
[    6.839955] ACPI: Added _OSI(3.0 _SCP Extensions)
[    6.972482] ACPI: Added _OSI(Processor Aggregator Device)
[    7.142093] ACPI: Executed 1 blocks of module-level executable AML code
[    7.348018] ACPI: Interpreter enabled
[    7.404593] ACPI: (supports S0 S5)
[    7.473950] ACPI: Using IOAPIC for interrupt routing
[    7.564768] PCI: Using host bridge windows from ACPI; if necessary, use "pci=nocrs" and report a bug
[    7.586412] ACPI: PCI Root Bridge [PCI0] (domain 0000 [bus 00-ff])
[    7.600568] acpi PNP0A03:00: _OSC: OS supports [ASPM ClockPM Segments MSI]
[    7.796953] acpi PNP0A03:00: _OSC: not requesting OS control; OS requires [ExtendedConfig ASPM ClockPM MSI]
[    8.019957] acpi PNP0A03:00: fail to add MMCONFIG information, can't access extended PCI configuration space under this bridge.
[    8.110570] PCI host bridge to bus 0000:00
[    8.111253] pci_bus 0000:00: root bus resource [io  0x0000-0x0cf7 window]
[    8.112271] pci_bus 0000:00: root bus resource [io  0x0d00-0xffff window]
[    8.113252] pci_bus 0000:00: root bus resource [mem 0x000a0000-0x000bffff window]
[    8.253331] pci_bus 0000:00: root bus resource [mem 0x40000000-0xfdffffff window]
[    8.400967] pci_bus 0000:00: root bus resource [bus 00-ff]
[    8.476949] pci 0000:00:01.1: legacy IDE quirk: reg 0x10: [io  0x01f0-0x01f7]
[    8.478326] pci 0000:00:01.1: legacy IDE quirk: reg 0x14: [io  0x03f6]
[    8.479386] pci 0000:00:01.1: legacy IDE quirk: reg 0x18: [io  0x0170-0x0177]
[    8.480544] pci 0000:00:01.1: legacy IDE quirk: reg 0x1c: [io  0x0376]
[    8.493871] pci 0000:00:07.0: quirk: [io  0x4000-0x403f] claimed by PIIX4 ACPI
[    8.597577] pci 0000:00:07.0: quirk: [io  0x4100-0x410f] claimed by PIIX4 SMB
[    8.604556] ACPI: PCI Interrupt Link [LNKA] (IRQs 5 9 10 *11)
[    8.613960] ACPI: PCI Interrupt Link [LNKB] (IRQs 5 9 *10 11)
[    8.616032] ACPI: PCI Interrupt Link [LNKC] (IRQs 5 *9 10 11)
[    8.617578] ACPI: PCI Interrupt Link [LNKD] (IRQs 5 9 10 *11)
[    8.619247] ACPI: Enabled 2 GPEs in block 00 to 07
[    8.620555] vgaarb: setting as boot device: PCI:0000:00:02.0
[    8.621480] vgaarb: device added: PCI:0000:00:02.0,decodes=io+mem,owns=io+mem,locks=none
[    8.623008] vgaarb: loaded
[    8.623719] vgaarb: bridge control possible 0000:00:02.0
[    8.624882] SCSI subsystem initialized
[    8.625890] ACPI: bus type USB registered
[    8.626710] usbcore: registered new interface driver usbfs
[    8.630894] usbcore: registered new interface driver hub
[    8.648682] usbcore: registered new device driver usb
[    8.650359] PCI: Using ACPI for IRQ routing
[    8.679023] NetLabel: Initializing
[    8.733910] NetLabel:  domain hash size = 128
[    8.799040] NetLabel:  protocols = UNLABELED CIPSOv4
[    8.799892] NetLabel:  unlabeled traffic allowed by default
[    8.800956] amd_nb: Cannot enumerate AMD northbridges
[    8.913383] clocksource: Switched to clocksource kvm-clock
[    9.037045] AppArmor: AppArmor Filesystem Enabled
[    9.037934] pnp: PnP ACPI init
[    9.039084] pnp: PnP ACPI: found 3 devices
[    9.039837] PnPBIOS: Disabled by ACPI PNP
[    .095 cckur: pim:ask: 0xffffff max_cycles: 0xffffff, max_idle_ns: 2085701024 ns
[    9.472521] NET: Registered protocol family 2

[    9.473382] TCP established hash table entries: 8192 (order: 3, 32768 bytes)
[    9.474460] TCP bind hash table entries: 8192 (order: 4, 65536 bytes)
[    9.475425] TCP: Hash tables configured (established 8192 bind 8192)
[    9.476440] UDP hash blenie 512orr: 2, 16384 bytes)
[    9.765902] UDP-Lite hash table entries: 512 (order: 2, 16384 bytes)
[    9.766996] NET: Registered protocol family 1
[    9.7701]pc00:000: mingirt I/I aner
[   10.444039] pci 0000:00:01.0: Activating ISA DMA hang workarounds
[   10.445143] Unpacking initramfs...

[   10.664340] Freeing initrd memory: 14432K
[   10.731440] platform rtc_cmos: registered platform RTC device (no PNP device found)
[   10.733169] Scanning for low memory corruption every 60 seconds
[   10.791519] audit: initializing netlink subsys (disabled)
[   10.909636] audit: type=2000 audit(1555630002.287:1): initialized
[   11.027563] Initialise system trusted keyring
[   11.108052] HugeTLB registered 2 MB page size, pre-allocated 0 pages
[   11.220842] zbud: loaded
[   11.268865] VFS: Disk quotas dquot_6.6.0
[   11.395340] VFS: Dquot-cache hash table entries: 1024 (order 0, 4096 bytes)
[   11.617295] squashfs: version 4.0 (2009/01/31) Phillip Lougher
[   11.633751] fuse init (API version 7.23)
[   11.733017] tsc: Refined TSC clocksource calibration: 3191.969 MHz
[   11.805949] clocksource: tsc: mask: 0xffffffffffffffff max_cycles: 0x2e02a7afb8a, max_idle_ns: 440795339650 ns
[   11.808537] Key type big_key registered
[   11.809384] Allocating IMA MOK and blacklist keyrings.
[   11.812106] Key type asymmetric registered
[   11.812992] Asymmetric key parser 'x509' registered
[   11.878117] bounce: pool size: 64 pages
[   11.897123] Block layer SCSI generic (bsg) driver version 0.4 loaded (major 249)
[   11.898395] io scheduler noop registered
[   11.899043] io scheduler deadline registered (default)
[   11.899839] io scheduler cfq registered
[   11.900547] pci_hotplug: PCI Hot Plug PCI Core version: 0.5
[   11.901369] pciehp: PCI Express Hot Plug Controller Driver version: 0.4
[   11.902496] ACPI: AC Adapter [AC] (on-line)
[   11.903217] input: Power Button as /devices/LNXSYSTM:00/LNXPWRBN:00/input/input0
[   11.904485] ACPI: Power Button [PWRF]
[   11.905218] input: Sleep Button as /devices/LNXSYSTM:00/LNXSLPBN:00/input/input1
[   11.906485] ACPI: Sleep Button [SLPF]
[   11.907362] GHES: HEST is not enabled!
[   11.908173] isapnp: Scanning for PnP cards...
[   11.913833] Serial: 8250/16550 driver, 32 ports, IRQ sharing enabled
[   11.936450] 00:02: ttyS0 at I/O 0x3f8 (irq = 4, base_baud = 115200) is a 16550A
[   11.940512] Linux agpgart interface v0.103
[   11.943821] loop: module loaded
[   11.944849] scsi host0: ata_piix
[   11.945588] scsi host1: ata_piix
[   11.946220] ata1: PATA max UDMA/33 cmd 0x1f0 ctl 0x3f6 bmdma 0xd000 irq 14
[   12.055779] ata2: PATA max UDMA/33 cmd 0x170 ctl 0x376 bmdma 0xd008 irq 15
[   12.110267] libphy: Fixed MDIO Bus: probed
[   12.110992] tun: Universal TUN/TAP device driver, 1.6
[   12.111786] tun: (C) 1999-2004 Max Krasnyansky <maxk@qualcomm.com>
[   12.112775] PPP generic driver version 2.4.2
[   12.113605] ehci_hcd: USB 2.0 'Enhanced' Host Controller (EHCI) Driver
[   12.114588] ehci-pci: EHCI PCI platform driver
[   12.115312] ehci-platform: EHCI generic platform driver
[   12.116121] ohci_hcd: USB 1.1 'Open' Host Controller (OHCI) Driver
[   12.117029] ohci-pci: OHCI PCI platform driver
[   12.117780] ohci-platform: OHCI generic platform driver
[   12.119610] uhci_hcd: USB Universal Host Controller Interface driver
[   12.120619] i8042: PNP: PS/2 Controller [PNP0303:PS2K,PNP0f03:PS2M] at 0x60,0x64 irq 1,12
[   12.122731] serio: i8042 KBD port at 0x60,0x64 irq 1
[   12.137555] serio: i8042 AUX port at 0x60,0x64 irq 12
[   12.138489] mousedev: PS/2 mouse device common for all mice
[   12.139912] input: AT Translated Set 2 keyboard as /devices/platform/i8042/serio0/input/input2
[   12.141352] rtc_cmos rtc_cmos: rtc core: registered rtc_cmos as rtc0
[   12.148240] rtc_cmos rtc_cmos: alarms up to one day, 114 bytes nvram
[   12.149309] i2c /dev entries driver
[   12.149988] device-mapper: uevent: version 1.0.3
[   12.150773] device-mapper: ioctl: 4.34.0-ioctl (2015-10-28) initialised: dm-devel@redhat.com
[   12.182264] platform eisa.0: Probing EISA bus 0
[   12.183040] platform eisa.0: EISA: Cannot allocate resource for mainboard
[   12.184014] platform eisa.0: Cannot allocate resource for EISA slot 1
[   12.185024] platform eisa.0: Cannot allocate resource for EISA slot 2
[   12.186000] platform eisa.0: Cannot allocate resource for EISA slot 3
[   12.186934] platform eisa.0: Cannot allocate resource for EISA slot 4
[   12.187972] platform eisa.0: Cannot allocate resource for EISA slot 5
[   12.188963] platform eisa.0: Cannot allocate resource for EISA slot 6
[   12.189977] platform eisa.0: Cannot allocate resource for EISA slot 7
[   12.190937] platform eisa.0: Cannot allocate resource for EISA slot 8
[   12.191870] platform eisa.0: EISA: Detected 0 cards
[   12.192646] cpufreq-nforce2: No nForce2 chipset.
[   12.193388] ledtrig-cpu: registered to indicate activity on CPUs
[   12.194563] NET: Registered protocol family 10
[   12.195518] NET: Registered protocol family 17
[   12.196335] Key type dns_resolver registered
[   12.197518] Using IPI No-Shortcut mode
[   12.214974] registered taskstats version 1
[   12.215728] Loading compiled-in X.509 certificates
[   12.218186] Loaded X.509 cert 'Build time autogenerated kernel key: 94e0aa8802c72e564137a0b5a234dba96bfe4cb5'
[   12.219777] zswap: loaded using pool lzo/zbud
[   12.221578] Key type trusted registered
[   12.224008] Key type encrypted registered
[   12.224705] AppArmor: AppArmor sha1 policy hashing enabled
[   12.225601] ima: No TPM chip found, activating TPM-bypass!
[   12.226534] ima: Allocated hash algorithm: sha1
[   12.227323] evm: HMAC attrs: 0x1
[   12.228084]   Magic number: 15:156:454
[   12.229804] rtc_cmos rtc_cmos: setting system clock to 2019-04-18 23:26:47 UTC (1555630007)
[   12.237760] BIOS EDD facility v0.16 2004-Jun-25, 0 devices found
[   12.238722] EDD information not available.
[   12.265044] isapnp: No Plug & Play device found
[   12.366049] Freeing unused kernel memory: 932K
[   12.870318] Write protecting the kernel text: 8100k
[   12.965602] Write protecting the kernel read-only data: 3192k
[   13.130593] NX-protecting the kernel data: 6236k
Loading, please [   13.264124] random: systemd-udevd: uninitialized urandom read (16 bytes read, 0 bits of entropy available)
wait...
startin[   13.264563] random: udevadm: uninitialized urandom read (16 bytes read, 0 bits of entropy available)
g version 229
[   13.272487] random: udevadm: uninitialized urandom read (16 bytes read, 0 bits of entropy available)
[   13.272523] random: udevadm: uninitialized urandom read (16 bytes read, 0 bits of entropy available)
[   13.272629] random: udevadm: uninitialized urandom read (16 bytes read, 0 bits of entropy available)
[   13.272669] random: udevadm: uninitialized urandom read (16 bytes read, 0 bits of entropy available)
[   13.272737] random: udevadm: uninitialized urandom read (16 bytes read, 0 bits of entropy available)
[   13.272795] random: udevadm: uninitialized urandom read (16 bytes read, 0 bits of entropy available)
[   13.272834] random: udevadm: uninitialized urandom read (16 bytes read, 0 bits of entropy available)
[   13.272872] random: udevadm: uninitialized urandom read (16 bytes read, 0 bits of entropy available)
[   14.124934] Fusion MPT base driver 3.04.20
[   14.216595] Copyright (c) 1999-2008 LSI Corporation
[   14.218720] e1000: Intel(R) PRO/1000 Network Driver - version 7.3.21-k8-NAPI
[   14.219827] e1000: Copyright (c) 1999-2006 Intel Corporation.
[   14.231037] Fusion MPT SPI Host driver 3.04.20
[   14.418674] input: ImExPS/2 Generic Explorer Mouse as /devices/platform/i8042/serio1/input/input4
[   14.560776] e1000 0000:00:03.0 eth0: (PCI:33MHz:32-bit) 02:2c:3a:b6:14:6d
[   14.561993] e1000 0000:00:03.0 eth0: Intel(R) PRO/1000 Network Connection
[   14.563841] mptbase: ioc0: Initiating bringup
[   14.564302] e1000 0000:00:03.0 enp0s3: renamed from eth0
[   14.636139] ioc0: LSI53C1030 A0: Capabilities={Initiator}
[   15.802517] scsi host2: ioc0: LSI53C1030 A0, FwRev=00000000h, Ports=1, MaxQ=256, IRQ=20
[   16.363380] scsi 2:0:0:0: Direct-Access     VBOX     HARDDISK         1.0  PQ: 0 ANSI: 5
[   16.524565] scsi target2:0:0: Beginning Domain Validation
[   16.526143] scsi target2:0:0: Domain Validation skipping write tests
[   16.527102] scsi target2:0:0: Ending Domain Validation
[   16.538563] scsi target2:0:0: asynchronous
[   16.591475] scsi 2:0:1:0: Direct-Access     VBOX     HARDDISK         1.0  PQ: 0 ANSI: 5
[   16.715789] scsi target2:0:1: Beginning Domain Validation
[   16.886992] scsi target2:0:1: Domain Validation skipping write tests
[   16.888250] scsi target2:0:1: Ending Domain Validation
[   16.889133] scsi target2:0:1: asynchronous
[   16.897334] sd 2:0:0:0: [sda] 20971520 512-byte logical blocks: (10.7 GB/10.0 GiB)
[   16.897459] sd 2:0:0:0: Attached scsi generic sg0 type 0
[   16.898029] sd 2:0:1:0: [sdb] 20480 512-byte logical blocks: (10.5 MB/10.0 MiB)
[   16.898041] sd 2:0:1:0: Attached scsi generic sg1 type 0
[   16.898284] sd 2:0:1:0: [sdb] Write Protect is off
[   16.898356] sd 2:0:1:0: [sdb] Incomplete mode parameter data
[   16.898357] sd 2:0:1:0: [sdb] Assuming drive cache: write through
[   16.908588] sd 2:0:1:0: [sdb] Attached SCSI disk
[   17.205368] sd 2:0:0:0: [sda] Write Protect is off
[   17.237037] sd 2:0:0:0: [sda] Incomplete mode parameter data
[   17.418232] sd 2:0:0:0: [sda] Assuming drive cache: write through
[   17.573126]  sda: sda1
[   17.574164] sd 2:0:0:0: [sda] Attached SCSI disk
Begin: Loading e[   18.850037] md: linear personality registered for level -1
ssential drivers[   19.004415] md: multipath personality registered for level -4
 ... [   19.146392] md: raid0 personality registered for level 0
[   19.272297] md: raid1 personality registered for level 1
[   19.449506] raid6: mmxx1    gen()  6814 MB/s
[   19.665459] raid6: mmxx2    gen()  6916 MB/s
[   19.817559] raid6: sse1x1   gen()  6034 MB/s
[   19.969668] raid6: sse1x2   gen()  6958 MB/s
[   20.150205] raid6: sse2x1   gen() 12526 MB/s
[   20.325884] raid6: sse2x1   xor()  7709 MB/s
[   20.462274] raid6: sse2x2   gen() 14556 MB/s
[   20.658559] raid6: sse2x2   xor() 10362 MB/s
[   20.765521] raid6: avx2x1   gen() 24074 MB/s
[   20.942111] raid6: avx2x2   gen() 28379 MB/s
[   21.064156] raid6: using algorithm avx2x2 gen() 28379 MB/s
[   21.200838] raid6: using avx2x1 recovery algorithm
[   21.359252] xor: automatically using best checksumming function:
[   21.402179]    avx       : 23849.000 MB/sec
[   21.407445] async_tx: api initialized (async)
[   21.519284] md: raid6 personality registered for level 6
[   21.645533] md: raid5 personality registered for level 5
[   21.646388] md: raid4 personality registered for level 4
[   21.654466] md: raid10 personality registered for level 10
done.
Begin: Running /scripts/init-p[   21.839140] Btrfs loaded
remount ... done.
Begin: Mounting root file system ... Begin: Running /scripts/local-top ... done.
Begin: Running /scripts/local-premount ... Scanning for Btrfs filesystems
done.
Warning: fsck no[   21.963314] EXT4-fs (sda1): mounted filesystem with ordered data mode. Opts: (null)
t present, so skipping root file system
done.
Begin: Running /scripts/local-bottom ... done.
Begin: Running /scripts/init-bottom ... done.
[   22.209105] systemd[1]: systemd 229 running in system mode. (+PAM +AUDIT +SELINUX +IMA +APPARMOR +SMACK +SYSVINIT +UTMP +LIBCRYPTSETUP +GCRYPT +GNUTLS +ACL +XZ -LZ4 +SECCOMP +BLKID +ELFUTILS +KMOD -IDN)
[   22.211991] systemd[1]: Detected virtualization oracle.
[   22.212816] systemd[1]: Detected architecture x86.

Welcome to [1mUbuntu 16.04.6 LTS[0m!

[   22.217797] systemd[1]: Set hostname to <ubuntu>.
[   22.222942] systemd[1]: Initializing machine ID from random generator.
[   22.224015] systemd[1]: Installed transient /etc/machine-id file.
[   22.335858] systemd[1]: Listening on Journal Audit Socket.
[[0;32m  OK  [0m] Listening on Journal Audit Socket.
[   22.338012] systemd[1]: Reached target System Time Synchronized.
[[0;32m  OK  [0m] Reached target System Time Synchronized.
[   22.340130] systemd[1]: Listening on LVM2 poll daemon socket.
[[0;32m  OK  [0m] Listening on LVM2 poll daemon socket.
[   22.342272] systemd[1]: Listening on udev Control Socket.
[[0;32m  OK  [0m] Listening on udev Control Socket.
[   22.344295] systemd[1]: Listening on Syslog Socket.
[[0;32m  OK  [0m] Listening on Syslog Socket.
[   22.346308] systemd[1]: Set up automount Arbitrary Executable File Formats File System Automount Point.
[[0;32m  OK  [0m] Set up automount Arbitrary Executab...ats File System Automount Point.
[   22.349413] systemd[1]: Started Forward Password Requests to Wall Directory Watch.
[[0;32m  OK  [0m] Started Forward Password Requests to Wall Directory Watch.
[   22.352332] systemd[1]: Listening on Journal Socket (/dev/log).
[[0;32m  OK  [0m] Listening on Journal Socket (/dev/log).
[ 22000]ysem1]Crte slic System Slice.
[[0;32m  OK  [0m] Created slice System Slice.
[   22.814286] systemd[1]: Created slice system-serial\x2dgetty.slice.
[[0;32m  OK  [0m] Created slice system-serial\x2dgetty.slice.
[   22.816894] systemd[1]: Listening on Device-mapper event daemon FIFOs.
[[0;32m  OK  [0m] Listening on Device-mapper event daemon FIFOs.
[   22.819620] systemd[1]: Listening on Journal Socket.
[[0;32m  OK  [0m] Listening on Journal Socket.
[   22.838300] systemd[1]: Starting Remount Root and Kernel File Systems...
         Starting Remount Root and Kernel File Systems...
[   22.841002] systemd[1]: Mounting POSIX Message Queue File System...
         Mounting POSIX Message Queue File System...
[   22.848962] EXT4-fs (sda1): re-mounted. Opts: (null)
[   22.850586] systemd[1]: Starting Load Kernel Modules...
         Starting Load Kernel Modules...
[   22.856227] systemd[1]: Starting Nameserver information manager...
         Starting Nameser[   23.061266] Loading iSCSI transport class v2.0-870.
ver information [   23.203964] random: nonblocking pool is initialized
manager...
[   23.361475] systemd[1]: Mounting Debug File System...
[   23.439976] iscsi: registered transport (tcp)
         Mounting Debug File System...
[   23.534160] iscsi: registered transport (iser)
[   23.669775] systemd[1]: Starting Journal Service...
         Starting Journal Service...
[   23.861556] systemd[1]: Mounting Huge Pages File System...
         Mounting Huge Pages File System...
[   24.027620] systemd[1]: Reached target Encrypted Volumes.
[[0;32m  OK  [0m] Reached target Encrypted Volumes.
[   24.032299] systemd[1]: Starting Uncomplicated firewall...
         Starting Uncomplicated firewall...
[   24.041225] systemd[1]: Reached target Swap.
[[0;32m  OK  [0m] Reached target Swap.
[   24.043470] systemd[1]: Reached target User and Group Name Lookups.
[[0;32m  OK  [0m] Reached target User and Group Name Lookups.
[   24.057902] systemd[1]: Starting Set console keymap...
         Starting Set console keymap...
[ 24730]yste[1 Ltenin on /dev/initctl Compatibility Named Pipe.

[[0;32m  OK  [0m] Listening on /dev/initctl Compatibility Named Pipe.
[  24.6152sytemd[1]Crteslce Usernd Sessonli.
[[0;32m  OK  [0m] Created slice User and Session Slice.
[   .2652]ysmd]: Rchedart ic.
[[0;32m  OK  [0m] Reached target Slices.
[   25.790636] systemd[1]: Starting Create list of required static device nodes for the current kernel...
         Starting Create list of required st... nodes for the current kernel...
[   25.812888] systemd[1]: Listening on udev Kernel Socket.
[[0;32m  OK  [0m] Listening on udev Kernel Socket.
[   25.815004] systemd[1]: Listening on LVM2 metadata daemon socket.
[[0;32m  OK  [0m] Listening on LVM2 metadata daemon socket.
[   25.817566] systemd[1]: Starting Monitoring of LVM2 mirrors, snapshots etc. using dmeventd or progress polling...
         Starting Monitoring of LVM2 mirrors... dmeventd or progress polling...
[   25.826716] systemd[1]: Started Trigger resolvconf update for networkd DNS.
[[0;32m  OK  [0m] Started Trigger resolvconf update for networkd DNS.
[ 2618985]ystemd[1]: Mounted POSIX Message Queue File System.

[[0;32m  OK  [0m] Mounted POSIX Message Queue File System.
[   26.338132] systemd[1]: Mounted Huge Pages File System.
[[0;32m  OK  [0m] Mounted Huge Pages File System.
[ 269873systemd[1]: Mounted Debug File System.

[[0;32m  OK  [0m] Mounted Debug File System.
[   26.660416] systemd[1]: Started Journal Service.
[[0;32m  OK  [0m] Started Journal Service.
[[0;32m  OK  [0m] Started Remount Root and Kernel File Systems.
[[0;32m  OK  [0m] Started Load Kernel Modules.
[[0;32m  OK  [0m] Started Uncomplicated firewall.
[[0;32m  OK  [0m] Started Set console keymap.
[[0;32m  OK  [0m] Started Create list of required sta...ce nodes for the current kernel.
[[0;32m  OK  [0m] Started Nameserver information manager.
[[0;32m  OK  [0m] Started LVM2 metadata daemon.
         Starting Create Static Device Nodes in /dev...
         Mounting FUSE Control File System...
         Starting Apply Kernel Variables...
         Starting Load/Save Random Seed...
         Starting udev Coldplug all Devices...
         Starting Flush Journal to Persistent Storage...
[[0;32m  OK  [0m] Mounted FUSE Control File System.
[[0;32m  OK  [0m] Started Monitoring of LVM2 mirrors,...ng dmeventd or progress polling.
[[0;32m  OK  [0m] Started Create Static Device Nodes in /dev.
[[0;32m  OK  [0m] Started Apply Kernel Variables.
[[0;32m  OK  [0m] Started Load/Save Random Seed.
[[0;32m  OK  [0m] Started udev Coldplug all Devices.
         Starting udev Kernel Device Manager...
[[0;32m  OK  [0m] Reached target Local File Systems (Pre).
[[0;32m  OK  [0m] Reached target Local File Systems.
         Starting LSB: AppArmor initialization...
         Starting Tell Plymouth To Write Out Runtime Data...
         Starting Set console font and keymap...
         Starting Initial cloud-init job (pre-networking)...
         Starting Commit a transient machine-id on disk...
[[0;32m  OK  [0m] Started Flush Journal to Persistent Storage.
[[0;32m  OK  [0m] Started Tell Plymouth To Write Out Runtime Data.
[[0;32m  OK  [0m] Started udev Kernel Device Manager.
[[0;32m  OK  [0m] Started Commit a transient machine-id on disk.
[[0;32m  OK  [0m] Started Dispatch Password Requests to Console Directory Watch.
         Starting Create Volatile Files and Directories...
[[0;32m  OK  [0m] Started Create Volatile Files and Directories.
[[0;32m  OK  [0m] Found device /dev/ttyS0.
         Starting Update UTMP about System Boot/Shutdown...
[[0;32m  OK  [0m] Started Update UTMP about System Boot/Shutdown.
[[0;32m  OK  [0m] Listening on Load/Save RF Kill Switch Status /dev/rfkill Watch.
[[0;32m  OK  [0m] Started LSB: AppArmor initialization.
[   20.449685] cloud-init[468]: Cloud-init v. 18.5-45-g3554ffe8-0ubuntu1~16.04.1 running 'init-local' at Thu, 18 Apr 2019 23:27:03 +0000. Up 20.09 seconds.
[[0;32m  OK  [0m] Started Initial cloud-init job (pre-networking).
[[0;32m  OK  [0m] Started Set console font and keymap.
[[0;32m  OK  [0m] Created slice system-getty.slice.
[[0;32m  OK  [0m] Reached target Network (Pre).
         Starting Raise network interfaces...
[[0;32m  OK  [0m] Started Raise network interfaces.
         Starting Initial cloud-init job (metadata service crawler)...
[[0;32m  OK  [0m] Reached target Network.
[   21.979604] cloud-init[922]: Cloud-init v. 18.5-45-g3554ffe8-0ubuntu1~16.04.1 running 'init' at Thu, 18 Apr 2019 23:27:05 +0000. Up 21.36 seconds.
[   22.032782] cloud-init[922]: ci-info: ++++++++++++++++++++++++++++++++++++++Net device info++++++++++++++++++++++++++++++++++++++
[   22.032918] cloud-init[922]: ci-info: +--------+------+----------------------------+---------------+--------+-------------------+
[[0;32m  OK  [0m] Started Initial cloud-init job (metadata service crawler).
[   22.033070] cloud-init[922]: ci-info: | Device |  Up  |          Address           |      Mask     | Scope  |     Hw-Address    |
[   22.429369] cloud-init[922]: ci-info: +--------+------+----------------------------+---------------+--------+-------------------+
[   22.429646] cloud-init[922]: ci-info: | enp0s3 | True |         10.0.2.15          | 255.255.255.0 | global | 02:2c:3a:b6:14:6d |
[[0;32m  OK  [0m] Reached target Network is Online.
[   22.429853] cloud-init[922]: ci-info: | enp0s3 | True | fe80::2c:3aff:feb6:146d/64 |       .       |  link  | 02:2c:3a:b6:14:6d |
[   22.832459] cloud-init[922]: ci-info: |   lo   | True |         127.0.0.1          |   255.0.0.0   |  host  |         .         |
[   22.832734] cloud-init[922]: ci-info: |   lo   | True |          ::1/128           |       .       |  host  |         .         |
         Starting iSCSI initiator daemon (iscsid)...
[   22.833022] cloud-init[922]: ci-info: +--------+------+----------------------------+---------------+--------+-------------------+
[[0;32m  OK  [0m] Reached target Cloud-config availability.
[   23.077212] cloud-init[922]: ci-info: +++++++++++++++++++++++++++Route IPv4 info++++++++++++++++++++++++++++
[   23.328620] cloud-init[922]: ci-info: +-------+-------------+----------+---------------+-----------+-------+
[   23.328938] cloud-init[922]: ci-info: | Route | Destination | Gateway  |    Genmask    | Interface | Flags |
[[0;32m  OK  [0m] Reached target System Initialization.
[[   23.329172] cloud-init[922]: ci-info: +-------+-------------+----------+---------------+-----------+-------+
[   23.608596] cloud-init[922]: ci-info: |   0   |   0.0.0.0   | 10.0.2.2 |    0.0.0.0    |   enp0s3  |   UG  |
[0;32m  OK  [0m] Started Daily Cleanup of Temporary Directories.
[   23.608850] cloud-init[922]: ci-info: |   1   |   10.0.2.0  | 0.0.0.0  | 255.255.255.0 |   enp0s3  |   U   |
[   23.881468] cloud-init[922]: ci-info: +-------+-------------+----------+---------------+-----------+-------+
[[0;32m  OK  [0m] Listening on ACPID Listen Socket.
[   23.881752] cloud-init[922]: ci-info: +++++++++++++++++++Route IPv6 info+++++++++++++++++++
[   24.184956] cloud-init[922]: ci-info: +-------+-------------+---------+-----------+-------+
[   24.185235] cloud-init[922]: ci-info: | Route | Destination | Gateway | Interface | Flags |
         Starting Socket activation for snappy daemon.
[[   24.185482] cloud-init[922]: ci-info: +-------+-------------+---------+-----------+-------+
[   24.345166] cloud-init[922]: ci-info: |   0   |  fe80::/64  |    ::   |   enp0s3  |   U   |
[0;32m  OK  [0m] Listening on D-Bus System Message Bus Socket.
[   24.345420] cloud-init[922]: ci-info: |   3   |   ff00::/8  |    ::   |   enp0s3  |   U   |
[   24.564995] cloud-init[922]: ci-info: +-------+-------------+---------+-----------+-------+
[   24.565520] cloud-init[922]: Generating public/private rsa key pair.
         Starting LXD - unix socket.
[[   24.565580] cloud-init[922]: Your identification has been saved in /etc/ssh/ssh_host_rsa_key.
[   24.728844] cloud-init[922]: Your public key has been saved in /etc/ssh/ssh_host_rsa_key.pub.
[0;32m  OK  [0m] Listening on UUID daemon activation socket.
[[   24.729084] cloud-init[922]: The key fingerprint is:
[   24.929123] cloud-init[922]: SHA256:Lf3f3XPUerSdf1ASD7IoFT96bfBjHpT2PMuMTUi14xM root@ubuntu-xenial
[0;32m  OK  [0m] Started Daily apt download activities.
[   24.929351] cloud-init[922]: The key's randomart image is:
[   25.120984] cloud-init[922]: +---[RSA 2048]----+
[[0;32m  OK  [0m] Started Daily apt upgrade and clean activities.
[   25.121203] cloud-init[922]: |          ..   . |
[   25.256520] cloud-init[922]: |          ... +..|
[[0;32m  OK  [0m] Reached target Timers.
[   25.256791] cloud-init[922]: |         . .+++E |
[   25.408838] cloud-init[922]: |        .o..oB+o=|
[   25.409107] cloud-init[922]: |        S.+ ..BB+|
[[0;32m  OK  [0m] Started ACPI Events Check.
[[   25.409287] cloud-init[922]: |         . o +BoB|
[   25.564725] cloud-init[922]: |            ...X+|
[0;32m  OK  [0m] Reached target Paths.
[   25.564855] cloud-init[922]: |             ..=B|
[   25.624363] cloud-init[922]: |              ..X|
[   25.624675] cloud-init[922]: +----[SHA256]-----+
[   25.624898] cloud-init[922]: Generating public/private dsa key pair.
[   25.625096] cloud-init[922]: Your identification has been saved in /etc/ssh/ssh_host_dsa_key.
[   25.625361] cloud-init[922]: Your public key has been saved in /etc/ssh/ssh_host_dsa_key.pub.
[   25.625538] cloud-init[922]: The key fingerprint is:
[   25.625826] cloud-init[922]: SHA256:GYb0NVDdRC9KHjXAgiHTAWfoXZ1Xn1r/JfdSjIyqkjk root@ubuntu-xenial
[   25.626036] cloud-init[922]: The key's randomart image is:
[   25.626227] cloud-init[922]: +---[DSA 1024]----+
[[0;32m  OK  [0m] Listening on Socket activation for snappy daemon.
[[   25.626429] cloud-init[922]: |      =+**++.*=..|
[   25.640759] cloud-init[922]: |     ..Bo.o.=.ooo|
[   25.640908] cloud-init[922]: |     ...+. .o..oo|
[   25.641112] cloud-init[922]: |      ...o o =o+.|
[   25.641312] cloud-init[922]: |        S   +.+ *|
[   25.641514] cloud-init[922]: |           .   ++|
[   25.641690] cloud-init[922]: |       o  .   . o|
[   25.641925] cloud-init[922]: |      E  .     . |
[   25.642123] cloud-init[922]: |       o.        |
[   25.642349] cloud-init[922]: +----[SHA256]-----+
[   25.642577] cloud-init[922]: Generating public/private ecdsa key pair.
[   25.642760] cloud-init[922]: Your identification has been saved in /etc/ssh/ssh_host_ecdsa_key.
[   25.642964] cloud-init[922]: Your public key has been saved in /etc/ssh/ssh_host_ecdsa_key.pub.
[   25.643175] cloud-init[922]: The key fingerprint is:
[   25.643387] cloud-init[922]: SHA256:cH10p2TywuNAs3+5IX1YSTX6k6i+dC5hZKx/I2aUH24 root@ubuntu-xenial
[   25.643576] cloud-init[922]: The key's randomart image is:
[   25.643767] cloud-init[922]: +---[ECDSA 256]---+
[   25.644443] cloud-init[922]: |          o o +o+|
[   25.644592] cloud-init[922]: |         o = *ooo|
[   25.644744] cloud-init[922]: |      . . = =.o..|
[   25.645009] cloud-init[922]: |       o   O +o+.|
[   25.645631] cloud-init[922]: |        S + =.*+.|
[0;32m  OK  [0m] Listening on LXD - unix socket.
[[0;32m  OK  [0m[   25.645668] ] cloud-initStarted iSCSI initiator daemon (iscsid).[922]: 
|         . =.+ +.|
[   26.199114] cloud-init[922]: |          +o+.o  |
[   26.199311] cloud-init[922]: |          o*oE   |
[   26.199587] cloud-init[922]: |          oo*..  |
[   26.199770] cloud-init[922]: +----[SHA256]-----+
[   26.199978] cloud-init[922]: Generating public/private ed25519 key pair.
[   26.200438] cloud-init[922]: Your identification has been saved in /etc/ssh/ssh_host_ed25519_key.
         Starting Login to default iSCSI targets...
[   26.200738] cloud-init[922]: Your public key has been saved in /etc/ssh/ssh_host_ed25519_key.pub.
[   26.364706] cloud-init[922]: The key fingerprint is:
[   26.364978] cloud-init[922]: SHA256:8iePl1FGrsdAe2tVNPetoTPjvy/HiLGp+H8bZlPeB/Y root@ubuntu-xenial
[[0;32m  OK  [0m] Reached target Sockets.
[   26.365290] cloud-init[922]: The key's randomart image is:
[   26.467946] cloud-init[922]: +--[ED25519 256]--+
[[0;32m  OK  [0m] Reached target Basic System.
[   26.468410] cloud-init[922]: |               oo|
[   26.596726] cloud-init[922]: |          . .   *|
[   26.596940] cloud-init[922]: |         . +  ..o|
[   26.597135] cloud-init[922]: |          o =..o |
         Starting System Logging Service...
[   26.597307] cloud-init[922]: |      . S  B=o+ .|
[   26.609768] cloud-init[922]: |       o  o.*= =.|
         Starting Pollinate to seed the pseudo random number generator...[   26.611782] cloud-init[922]: |        o .=.==oE|
[   26.612241] cloud-init[922]: |         *o +++o+|

[   26.612674] cloud-init[922]: |        oo+o..+*.|
[   26.630895] cloud-init[922]: +----[SHA256]-----+
[[0;32m  OK  [0m] Started ACPI event daemon.
         Starting Login Service...
[[0;32m  OK  [0m] Started FUSE filesystem for LXC.
[[0;32m  OK  [0m] Started Deferred execution scheduler.
         Starting Virtualbox guest utils...
[[0;32m  OK  [0m] Started D-Bus System Message Bus.
         Starting LSB: MD monitoring daemon...
         Starting LSB: Record successful boot for GRUB...
         Starting /etc/rc.local Compatibility...
[[0;32m  OK  [0m] Started Regular background program processing daemon.
         Starting LXD - container startup/shutdown...
         Starting Accounts Service...
[[0;32m  OK  [0m] Started Unattended Upgrades Shutdown.
         Starting Snappy daemon...
[[0;32m  OK  [0m] Started System Logging Service.
[[0;32m  OK  [0m] Started /etc/rc.local Compatibility.
[[0;32m  OK  [0m] Started LXD - container startup/shutdown.
[[0;32m  OK  [0m] Started Login to default iSCSI targets.
[[0;32m  OK  [0m] Started LSB: MD monitoring daemon.
[[0;32m  OK  [0m] Started LSB: Record successful boot for GRUB.
[[0;32m  OK  [0m] Started Virtualbox guest utils.
[[0;32m  OK  [0m] Started Login Service.
         Starting Authenticate and Authorize Users to Run Privileged Tasks...
[[0;32m  OK  [0m] Reached target Remote File Systems (Pre).
[[0;32m  OK  [0m] Reached target Remote File Systems.
         Starting LSB: automatic crash report generation...
         Starting LSB: Set the CPU Frequency Scaling governor to "ondemand"...
         Starting LSB: daemon to balance interrupts for SMP systems...
         Starting Permit User Sessions...
[[0;32m  OK  [0m] Started Snappy daemon.
[[0;32m  OK  [0m] Started Permit User Sessions.
[[0;32m  OK  [0m] Started Authenticate and Authorize Users to Run Privileged Tasks.
[[0;32m  OK  [0m] Started Accounts Service.
[[0;32m  OK  [0m] Started LSB: Set the CPU Frequency Scaling governor to "ondemand".
         Starting Terminate Plymouth Boot Screen...
         Starting Hold until boot process finishes up...
         Starting Wait until snapd is fully seeded...
[[0;32m  OK  [0m] Started LSB: daemon to balance interrupts for SMP systems.
[[0;32m  OK  [0m] Started Hold until boot process finishes up.
[[0;32m  OK  [0m] Started Terminate Plymouth Boot Screen.
[[0;32m  OK  [0m] Started LSB: automatic crash report generation.
[[0;32m  OK  [0m] Started Pollinate to seed the pseudo random number generator.
         Starting OpenBSD Secure Shell server...
[[0;32m  OK  [0m] Started Serial Getty on ttyS0.
         Starting Set console scheme...
[[0;32m  OK  [0m] Started Getty on tty1.
[[0;32m  OK  [0m] Reached target Login Prompts.
[[0;32m  OK  [0m] Started Set console scheme.
[[0;32m  OK  [0m] Started OpenBSD Secure Shell server.
[[0;32m  OK  [0m] Created slice User Slice of vagrant.
         Starting User Manager for UID 1000...
[[0;32m  OK  [0m] Started User Manager for UID 1000.
[[0;32m  OK  [0m] Started Session 1 of user vagrant.
[[0;32m  OK  [0m] Started Wait until snapd is fully seeded.
         Starting Apply the settings specified in cloud-config...
[[0;32m  OK  [0m] Reached target Multi-User System.
[[0;32m  OK  [0m] Reached target Graphical Interface.
         Starting Update UTMP about System Runlevel Changes...
[[0;32m  OK  [0m] Started Update UTMP about System Runlevel Changes.
[   29.234309] cloud-init[1271]: Generating locales (this might take a while)...
[   29.967573] cloud-init[1271]:   en_US.UTF-8... done
[   29.979892] cloud-init[1271]: Generation complete.
[   30.227390] cloud-init[1271]: Cloud-init v. 18.5-45-g3554ffe8-0ubuntu1~16.04.1 running 'modules:config' at Thu, 18 Apr 2019 23:27:12 +0000. Up 29.09 seconds.
[[0;32m  OK  [0m] Started Apply the settings specified in cloud-config.
         Starting Execute cloud user/final scripts...
ci-info: no authorized ssh keys fingerprints found for user ubuntu.
<14>Apr 18 23:27:14 ec2: 
<14>Apr 18 23:27:14 ec2: #############################################################
<14>Apr 18 23:27:14 ec2: -----BEGIN SSH HOST KEY FINGERPRINTS-----
<14>Apr 18 23:27:14 ec2: 1024 SHA256:GYb0NVDdRC9KHjXAgiHTAWfoXZ1Xn1r/JfdSjIyqkjk root@ubuntu-xenial (DSA)
<14>Apr 18 23:27:14 ec2: 256 SHA256:cH10p2TywuNAs3+5IX1YSTX6k6i+dC5hZKx/I2aUH24 root@ubuntu-xenial (ECDSA)
<14>Apr 18 23:27:14 ec2: 256 SHA256:8iePl1FGrsdAe2tVNPetoTPjvy/HiLGp+H8bZlPeB/Y root@ubuntu-xenial (ED25519)
<14>Apr 18 23:27:14 ec2: 2048 SHA256:Lf3f3XPUerSdf1ASD7IoFT96bfBjHpT2PMuMTUi14xM root@ubuntu-xenial (RSA)
<14>Apr 18 23:27:14 ec2: -----END SSH HOST KEY FINGERPRINTS-----
<14>Apr 18 23:27:14 ec2: #############################################################
-----BEGIN SSH HOST KEY KEYS-----
ecdsa-sha2-nistp256 AAAAE2VjZHNhLXNoYTItbmlzdHAyNTYAAAAIbmlzdHAyNTYAAABBBNmv0V+lZknxx3mRtvhsVN5UtBkdoJ7Xpgi1razftBW15SaGaYocRKh2uuyoD+BAmh8TYlnjCFj10PJO+nM9oz4= root@ubuntu-xenial
ssh-ed25519 AAAAC3NzaC1lZDI1NTE5AAAAIFfdDd/MpEra7iuFo1ZN1N+B6KCBVfnosoXC5jdTsAVv root@ubuntu-xenial
ssh-rsa AAAAB3NzaC1yc2EAAAADAQABAAABAQCyPmWJmfX0dFylYCzzjCU6UKKD1gTyJFDfVzcky2BakRx7wItG9WyqqRBN90bnljx+VOXWmZ0Znd4AxBknKM+IoKudZ/tcPzQybovko6dceKug6HrFEQR4iMK8S7j6DrDSXDvr1RbvarggsVEQ0gKuUISihGPV1brbch3aaaNUVgEGcS3qaqWIM/85M4rOBsfyBDxZzE/5yw54W0n4IYCHdf6DLiZyezIpauJ4M9MvdfoCjf/4GnokIzkc9aK/oTpYhOGNdHCpxL0CCOKeZ8xMWRJqNevIbYSj4VsgYNyL14u88IYtQaAyvHmkjU7qa+8kuCntKjJyjPYpSrVjTwM7 root@ubuntu-xenial
-----END SSH HOST KEY KEYS-----
[   31.020215] cloud-init[1454]: Cloud-init v. 18.5-45-g3554ffe8-0ubuntu1~16.04.1 running 'modules:final' at Thu, 18 Apr 2019 23:27:14 +0000. Up 30.74 seconds.
[[0;32m  OK  [0m] Started Execute cloud user/final scripts.
[   31.095077] cloud-init[1454]: ci-info: no authorized ssh keys fingerprints found for user ubuntu.
[   31.112919] cloud-init[1454]: Cloud-init v. 18.5-45-g3554ffe8-0ubuntu1~16.04.1 finished at Thu, 18 Apr 2019 23:27:14 +0000. Datasource DataSourceNoCloud [seed=/dev/sdb][dsmode=net].  Up 31.01 seconds
[[0;32m  OK  [0m] Reached target Cloud-init target.

Ubuntu 16.04.6 LTS ubuntu-xenial ttyS0

ubuntu-xenial login: 